<?xml version="1.0" encoding="utf-8"?><testsuites><testsuite name="pytest" errors="0" failures="0" skipped="0" tests="3" time="5.734" timestamp="2024-04-13T11:39:47.999822" hostname="d65a4f30e930"><testcase classname="tests.test_prediction" name="test_single_pred_isnot_none" time="0.097" /><testcase classname="tests.test_prediction" name="test_single_pred_is_str_type" time="0.046" /><testcase classname="tests.test_prediction" name="test_single_pred_validate" time="0.033" /></testsuite></testsuites>